{"message":"Something failed during startup.","stack":"Error: Something failed during startup.\n    at Object.<anonymous> (/Users/moshfeghhamedani/Desktop/node-course/vidly/index.js:29:7)\n    at Module._compile (module.js:635:30)\n    at Object.Module._extensions..js (module.js:646:10)\n    at Module.load (module.js:554:32)\n    at tryModuleLoad (module.js:497:12)\n    at Function.Module._load (module.js:489:3)\n    at Function.Module.runMain (module.js:676:10)\n    at startup (bootstrap_node.js:187:16)\n    at bootstrap_node.js:608:3","level":"error","timestamp":"2018-02-06T20:32:44.656Z"}
{"message":"Something failed miserably!","stack":"Error: Something failed miserably!\n    at Object.<anonymous> (/Users/moshfeghhamedani/Desktop/node-course/vidly/index.js:34:26)\n    at Module._compile (module.js:635:30)\n    at Object.Module._extensions..js (module.js:646:10)\n    at Module.load (module.js:554:32)\n    at tryModuleLoad (module.js:497:12)\n    at Function.Module._load (module.js:489:3)\n    at Function.Module.runMain (module.js:676:10)\n    at startup (bootstrap_node.js:187:16)\n    at bootstrap_node.js:608:3","level":"error","timestamp":"2018-02-06T20:53:50.001Z"}
{"message":"Could not get the genres.","stack":"Error: Could not get the genres.\n    at router.get (/Users/moshfeghhamedani/Desktop/node-course/vidly/routes/genres.js:9:9)\n    at /Users/moshfeghhamedani/Desktop/node-course/vidly/node_modules/express-async-errors/index.js:17:17\n    at Layer.handle [as handle_request] (/Users/moshfeghhamedani/Desktop/node-course/vidly/node_modules/express/lib/router/layer.js:95:5)\n    at next (/Users/moshfeghhamedani/Desktop/node-course/vidly/node_modules/express/lib/router/route.js:137:13)\n    at Route.dispatch (/Users/moshfeghhamedani/Desktop/node-course/vidly/node_modules/express/lib/router/route.js:112:3)\n    at /Users/moshfeghhamedani/Desktop/node-course/vidly/node_modules/express-async-errors/index.js:17:17\n    at Layer.handle [as handle_request] (/Users/moshfeghhamedani/Desktop/node-course/vidly/node_modules/express/lib/router/layer.js:95:5)\n    at /Users/moshfeghhamedani/Desktop/node-course/vidly/node_modules/express/lib/router/index.js:281:22\n    at Function.process_params (/Users/moshfeghhamedani/Desktop/node-course/vidly/node_modules/express/lib/router/index.js:335:12)\n    at next (/Users/moshfeghhamedani/Desktop/node-course/vidly/node_modules/express/lib/router/index.js:275:10)\n    at Function.handle (/Users/moshfeghhamedani/Desktop/node-course/vidly/node_modules/express/lib/router/index.js:174:3)\n    at router (/Users/moshfeghhamedani/Desktop/node-course/vidly/node_modules/express/lib/router/index.js:47:12)\n    at /Users/moshfeghhamedani/Desktop/node-course/vidly/node_modules/express-async-errors/index.js:17:17\n    at Layer.handle [as handle_request] (/Users/moshfeghhamedani/Desktop/node-course/vidly/node_modules/express/lib/router/layer.js:95:5)\n    at trim_prefix (/Users/moshfeghhamedani/Desktop/node-course/vidly/node_modules/express/lib/router/index.js:317:13)\n    at /Users/moshfeghhamedani/Desktop/node-course/vidly/node_modules/express/lib/router/index.js:284:7","level":"error","timestamp":"2018-02-06T21:21:42.521Z"}
{"message":"Could not get the genres.","stack":"Error: Could not get the genres.\n    at router.get (/Users/moshfeghhamedani/Desktop/node-course/vidly/routes/genres.js:9:9)\n    at /Users/moshfeghhamedani/Desktop/node-course/vidly/node_modules/express-async-errors/index.js:17:17\n    at Layer.handle [as handle_request] (/Users/moshfeghhamedani/Desktop/node-course/vidly/node_modules/express/lib/router/layer.js:95:5)\n    at next (/Users/moshfeghhamedani/Desktop/node-course/vidly/node_modules/express/lib/router/route.js:137:13)\n    at Route.dispatch (/Users/moshfeghhamedani/Desktop/node-course/vidly/node_modules/express/lib/router/route.js:112:3)\n    at /Users/moshfeghhamedani/Desktop/node-course/vidly/node_modules/express-async-errors/index.js:17:17\n    at Layer.handle [as handle_request] (/Users/moshfeghhamedani/Desktop/node-course/vidly/node_modules/express/lib/router/layer.js:95:5)\n    at /Users/moshfeghhamedani/Desktop/node-course/vidly/node_modules/express/lib/router/index.js:281:22\n    at Function.process_params (/Users/moshfeghhamedani/Desktop/node-course/vidly/node_modules/express/lib/router/index.js:335:12)\n    at next (/Users/moshfeghhamedani/Desktop/node-course/vidly/node_modules/express/lib/router/index.js:275:10)\n    at Function.handle (/Users/moshfeghhamedani/Desktop/node-course/vidly/node_modules/express/lib/router/index.js:174:3)\n    at router (/Users/moshfeghhamedani/Desktop/node-course/vidly/node_modules/express/lib/router/index.js:47:12)\n    at /Users/moshfeghhamedani/Desktop/node-course/vidly/node_modules/express-async-errors/index.js:17:17\n    at Layer.handle [as handle_request] (/Users/moshfeghhamedani/Desktop/node-course/vidly/node_modules/express/lib/router/layer.js:95:5)\n    at trim_prefix (/Users/moshfeghhamedani/Desktop/node-course/vidly/node_modules/express/lib/router/index.js:317:13)\n    at /Users/moshfeghhamedani/Desktop/node-course/vidly/node_modules/express/lib/router/index.js:284:7","level":"error","timestamp":"2018-02-06T21:21:43.301Z"}
{"message":"Could not get the genres.","stack":"Error: Could not get the genres.\n    at router.get (/Users/moshfeghhamedani/Desktop/node-course/vidly/routes/genres.js:9:9)\n    at /Users/moshfeghhamedani/Desktop/node-course/vidly/node_modules/express-async-errors/index.js:17:17\n    at Layer.handle [as handle_request] (/Users/moshfeghhamedani/Desktop/node-course/vidly/node_modules/express/lib/router/layer.js:95:5)\n    at next (/Users/moshfeghhamedani/Desktop/node-course/vidly/node_modules/express/lib/router/route.js:137:13)\n    at Route.dispatch (/Users/moshfeghhamedani/Desktop/node-course/vidly/node_modules/express/lib/router/route.js:112:3)\n    at /Users/moshfeghhamedani/Desktop/node-course/vidly/node_modules/express-async-errors/index.js:17:17\n    at Layer.handle [as handle_request] (/Users/moshfeghhamedani/Desktop/node-course/vidly/node_modules/express/lib/router/layer.js:95:5)\n    at /Users/moshfeghhamedani/Desktop/node-course/vidly/node_modules/express/lib/router/index.js:281:22\n    at Function.process_params (/Users/moshfeghhamedani/Desktop/node-course/vidly/node_modules/express/lib/router/index.js:335:12)\n    at next (/Users/moshfeghhamedani/Desktop/node-course/vidly/node_modules/express/lib/router/index.js:275:10)\n    at Function.handle (/Users/moshfeghhamedani/Desktop/node-course/vidly/node_modules/express/lib/router/index.js:174:3)\n    at router (/Users/moshfeghhamedani/Desktop/node-course/vidly/node_modules/express/lib/router/index.js:47:12)\n    at /Users/moshfeghhamedani/Desktop/node-course/vidly/node_modules/express-async-errors/index.js:17:17\n    at Layer.handle [as handle_request] (/Users/moshfeghhamedani/Desktop/node-course/vidly/node_modules/express/lib/router/layer.js:95:5)\n    at trim_prefix (/Users/moshfeghhamedani/Desktop/node-course/vidly/node_modules/express/lib/router/index.js:317:13)\n    at /Users/moshfeghhamedani/Desktop/node-course/vidly/node_modules/express/lib/router/index.js:284:7","level":"error","timestamp":"2018-02-06T21:21:52.096Z"}
{"message":"Could not get the genres.","stack":"Error: Could not get the genres.\n    at router.get (/Users/moshfeghhamedani/Desktop/node-course/vidly/routes/genres.js:9:9)\n    at /Users/moshfeghhamedani/Desktop/node-course/vidly/node_modules/express-async-errors/index.js:17:17\n    at Layer.handle [as handle_request] (/Users/moshfeghhamedani/Desktop/node-course/vidly/node_modules/express/lib/router/layer.js:95:5)\n    at next (/Users/moshfeghhamedani/Desktop/node-course/vidly/node_modules/express/lib/router/route.js:137:13)\n    at Route.dispatch (/Users/moshfeghhamedani/Desktop/node-course/vidly/node_modules/express/lib/router/route.js:112:3)\n    at /Users/moshfeghhamedani/Desktop/node-course/vidly/node_modules/express-async-errors/index.js:17:17\n    at Layer.handle [as handle_request] (/Users/moshfeghhamedani/Desktop/node-course/vidly/node_modules/express/lib/router/layer.js:95:5)\n    at /Users/moshfeghhamedani/Desktop/node-course/vidly/node_modules/express/lib/router/index.js:281:22\n    at Function.process_params (/Users/moshfeghhamedani/Desktop/node-course/vidly/node_modules/express/lib/router/index.js:335:12)\n    at next (/Users/moshfeghhamedani/Desktop/node-course/vidly/node_modules/express/lib/router/index.js:275:10)\n    at Function.handle (/Users/moshfeghhamedani/Desktop/node-course/vidly/node_modules/express/lib/router/index.js:174:3)\n    at router (/Users/moshfeghhamedani/Desktop/node-course/vidly/node_modules/express/lib/router/index.js:47:12)\n    at /Users/moshfeghhamedani/Desktop/node-course/vidly/node_modules/express-async-errors/index.js:17:17\n    at Layer.handle [as handle_request] (/Users/moshfeghhamedani/Desktop/node-course/vidly/node_modules/express/lib/router/layer.js:95:5)\n    at trim_prefix (/Users/moshfeghhamedani/Desktop/node-course/vidly/node_modules/express/lib/router/index.js:317:13)\n    at /Users/moshfeghhamedani/Desktop/node-course/vidly/node_modules/express/lib/router/index.js:284:7","level":"error","timestamp":"2018-02-06T21:21:53.806Z"}
{"level":"info","message":"Connected to MongoDB...","timestamp":"2018-02-06T21:34:26.743Z"}
{"level":"info","message":"Connected to MongoDB...","timestamp":"2018-02-06T21:39:24.124Z"}
{"level":"info","message":"Listening on port 3500...","timestamp":"2020-10-30T20:00:40.770Z"}
{"level":"info","message":"Connected to mongodb://localhost/vidly_tests...","timestamp":"2020-10-30T20:00:40.817Z"}
{"level":"info","message":"Listening on port 3500...","timestamp":"2020-10-30T20:02:52.525Z"}
{"level":"info","message":"Connected to mongodb://localhost/vidly_tests...","timestamp":"2020-10-30T20:02:52.570Z"}
{"level":"info","message":"Listening on port 3500...","timestamp":"2020-10-30T20:04:06.946Z"}
{"level":"info","message":"Connected to mongodb://localhost/vidly_tests...","timestamp":"2020-10-30T20:04:06.987Z"}
{"level":"info","message":"Connected to mongodb://localhost/vidly...","timestamp":"2020-10-30T20:12:19.678Z"}
{"level":"info","message":"Listening on port 3000...","timestamp":"2020-10-30T20:13:57.673Z"}
{"level":"info","message":"Connected to mongodb://localhost/vidly...","timestamp":"2020-10-30T20:13:57.719Z"}
{"level":"info","message":"Listening on port 3000...","timestamp":"2020-10-30T20:14:07.063Z"}
{"level":"info","message":"Connected to mongodb://localhost/vidly...","timestamp":"2020-10-30T20:14:07.103Z"}
{"level":"info","message":"Listening on port 3000...","timestamp":"2020-10-30T20:14:40.028Z"}
{"level":"info","message":"Connected to mongodb://localhost/vidly_tests...","timestamp":"2020-10-30T20:14:40.068Z"}
{"level":"info","message":"Listening on port 3000...","timestamp":"2020-10-30T20:25:04.750Z"}
{"level":"info","message":"Connected to mongodb://localhost/vidly...","timestamp":"2020-10-30T20:25:04.790Z"}
{"level":"info","message":"Listening on port 3000...","timestamp":"2020-10-30T20:27:01.524Z"}
{"level":"info","message":"Connected to mongodb://localhost/vidly_tests...","timestamp":"2020-10-30T20:27:01.589Z"}
{"level":"info","message":"Listening on port 3000...","timestamp":"2020-10-30T20:32:30.606Z"}
{"level":"info","message":"Connected to mongodb://localhost/vidly...","timestamp":"2020-10-30T20:32:30.642Z"}
{"level":"info","message":"Listening on port 3000...","timestamp":"2020-10-30T20:33:40.294Z"}
{"level":"info","message":"Connected to mongodb://localhost/vidly_tests...","timestamp":"2020-10-30T20:33:40.330Z"}
{"level":"info","message":"Listening on port 3000...","timestamp":"2020-10-30T21:00:19.672Z"}
{"level":"info","message":"Listening on port 3000...","timestamp":"2020-10-30T21:00:53.054Z"}
{"level":"info","message":"Connected to mongodb://localhost/vidly_tests...","timestamp":"2020-10-30T21:00:53.103Z"}
{"level":"info","message":"Listening on port 3000...","timestamp":"2020-10-30T21:00:58.712Z"}
{"level":"info","message":"Connected to mongodb://localhost/vidly_tests...","timestamp":"2020-10-30T21:00:58.733Z"}
{"level":"info","message":"Listening on port 3000...","timestamp":"2020-10-30T21:03:52.821Z"}
{"level":"info","message":"Connected to mongodb://localhost/vidly_tests...","timestamp":"2020-10-30T21:03:52.875Z"}
{"level":"info","message":"Listening on port 3000...","timestamp":"2020-10-30T21:04:20.232Z"}
{"level":"info","message":"Connected to mongodb://localhost/vidly_tests...","timestamp":"2020-10-30T21:04:20.262Z"}
{"level":"info","message":"Listening on port 3000...","timestamp":"2020-10-30T21:04:30.757Z"}
{"level":"info","message":"Listening on port 3000...","timestamp":"2020-10-30T21:06:53.627Z"}
{"level":"info","message":"Connected to mongodb://localhost/vidly_tests...","timestamp":"2020-10-30T21:06:53.676Z"}
{"level":"info","message":"Listening on port 3000...","timestamp":"2020-10-30T21:07:04.777Z"}
{"level":"info","message":"Connected to mongodb://localhost/vidly_tests...","timestamp":"2020-10-30T21:07:04.837Z"}
{"level":"info","message":"Listening on port 3000...","timestamp":"2020-10-30T21:11:57.463Z"}
{"level":"info","message":"Connected to mongodb://localhost/vidly_tests...","timestamp":"2020-10-30T21:11:57.509Z"}
{"level":"info","message":"Listening on port 3000...","timestamp":"2020-10-30T21:26:10.336Z"}
{"level":"info","message":"Connected to mongodb://localhost/vidly_tests...","timestamp":"2020-10-30T21:26:10.404Z"}
{"level":"info","message":"Listening on port 3000...","timestamp":"2020-10-30T21:40:19.479Z"}
{"level":"info","message":"Connected to mongodb://localhost/vidly_tests...","timestamp":"2020-10-30T21:40:19.569Z"}
{"level":"info","message":"Listening on port 3000...","timestamp":"2020-10-30T21:41:06.570Z"}
{"level":"info","message":"Connected to mongodb://localhost/vidly_tests...","timestamp":"2020-10-30T21:41:06.594Z"}
{"level":"info","message":"Listening on port 3000...","timestamp":"2020-10-30T22:03:24.326Z"}
{"level":"info","message":"Connected to mongodb://localhost/vidly...","timestamp":"2020-10-30T22:03:24.378Z"}
{"level":"info","message":"Listening on port 3000...","timestamp":"2020-10-30T22:03:36.017Z"}
{"level":"info","message":"Connected to mongodb://localhost/vidly_tests...","timestamp":"2020-10-30T22:03:36.037Z"}
{"level":"info","message":"Listening on port 3000...","timestamp":"2020-10-30T22:13:44.602Z"}
{"level":"info","message":"Connected to mongodb://localhost/vidly_tests...","timestamp":"2020-10-30T22:13:44.674Z"}
{"level":"info","message":"Listening on port 3000...","timestamp":"2020-10-30T22:13:57.416Z"}
{"level":"info","message":"Connected to mongodb://localhost/vidly_tests...","timestamp":"2020-10-30T22:13:57.432Z"}
{"level":"info","message":"Listening on port 3000...","timestamp":"2020-10-30T22:19:06.276Z"}
{"level":"info","message":"Connected to mongodb://localhost/vidly_tests...","timestamp":"2020-10-30T22:19:06.347Z"}
{"level":"info","message":"Listening on port 3000...","timestamp":"2020-10-30T22:19:25.665Z"}
{"level":"info","message":"Connected to mongodb://localhost/vidly_tests...","timestamp":"2020-10-30T22:19:25.686Z"}
{"level":"info","message":"Listening on port 3000...","timestamp":"2020-10-30T22:19:33.700Z"}
{"level":"info","message":"Connected to mongodb://localhost/vidly_tests...","timestamp":"2020-10-30T22:19:33.718Z"}
{"level":"info","message":"Listening on port 3000...","timestamp":"2020-10-30T22:24:27.366Z"}
{"level":"info","message":"Connected to mongodb://localhost/vidly_tests...","timestamp":"2020-10-30T22:24:27.440Z"}
{"level":"info","message":"Listening on port 3000...","timestamp":"2020-10-30T22:24:49.171Z"}
{"level":"info","message":"Connected to mongodb://localhost/vidly_tests...","timestamp":"2020-10-30T22:24:49.193Z"}
{"level":"info","message":"Listening on port 3000...","timestamp":"2020-10-30T22:26:59.355Z"}
{"level":"info","message":"Connected to mongodb://localhost/vidly_tests...","timestamp":"2020-10-30T22:26:59.415Z"}
{"level":"info","message":"Listening on port 3000...","timestamp":"2020-10-30T22:29:14.076Z"}
{"level":"info","message":"Connected to mongodb://localhost/vidly_tests...","timestamp":"2020-10-30T22:29:14.182Z"}
{"level":"info","message":"Listening on port 3000...","timestamp":"2020-10-30T22:29:29.800Z"}
{"level":"info","message":"Connected to mongodb://localhost/vidly_tests...","timestamp":"2020-10-30T22:29:29.829Z"}
{"level":"info","message":"Listening on port 3000...","timestamp":"2020-10-30T22:29:32.125Z"}
{"level":"info","message":"Connected to mongodb://localhost/vidly_tests...","timestamp":"2020-10-30T22:29:32.153Z"}
{"level":"info","message":"Listening on port 3000...","timestamp":"2020-10-30T22:29:37.383Z"}
{"level":"info","message":"Connected to mongodb://localhost/vidly_tests...","timestamp":"2020-10-30T22:29:37.402Z"}
{"level":"info","message":"Listening on port 3000...","timestamp":"2020-10-30T22:29:39.804Z"}
{"level":"info","message":"Connected to mongodb://localhost/vidly_tests...","timestamp":"2020-10-30T22:29:39.840Z"}
{"level":"info","message":"Listening on port 3000...","timestamp":"2020-10-30T22:29:43.892Z"}
{"level":"info","message":"Connected to mongodb://localhost/vidly_tests...","timestamp":"2020-10-30T22:29:43.930Z"}
{"level":"info","message":"Listening on port 3000...","timestamp":"2020-10-30T22:30:08.520Z"}
{"level":"info","message":"Connected to mongodb://localhost/vidly_tests...","timestamp":"2020-10-30T22:30:08.550Z"}
{"level":"info","message":"Listening on port 3000...","timestamp":"2020-10-30T22:30:17.446Z"}
{"level":"info","message":"Connected to mongodb://localhost/vidly_tests...","timestamp":"2020-10-30T22:30:17.470Z"}
{"level":"info","message":"Listening on port 3000...","timestamp":"2020-10-30T22:30:21.206Z"}
{"level":"info","message":"Connected to mongodb://localhost/vidly_tests...","timestamp":"2020-10-30T22:30:21.241Z"}
{"level":"info","message":"Listening on port 3000...","timestamp":"2020-10-30T22:30:23.306Z"}
{"level":"info","message":"Connected to mongodb://localhost/vidly_tests...","timestamp":"2020-10-30T22:30:23.331Z"}
{"level":"info","message":"Listening on port 3000...","timestamp":"2020-10-30T22:30:26.174Z"}
{"level":"info","message":"Connected to mongodb://localhost/vidly_tests...","timestamp":"2020-10-30T22:30:26.211Z"}
{"level":"info","message":"Listening on port 3000...","timestamp":"2020-10-30T22:30:29.764Z"}
{"level":"info","message":"Connected to mongodb://localhost/vidly_tests...","timestamp":"2020-10-30T22:30:29.798Z"}
{"level":"info","message":"Listening on port 3000...","timestamp":"2020-10-30T22:30:41.435Z"}
{"level":"info","message":"Connected to mongodb://localhost/vidly_tests...","timestamp":"2020-10-30T22:30:41.495Z"}
{"level":"info","message":"Listening on port 3000...","timestamp":"2020-10-30T22:30:49.445Z"}
{"level":"info","message":"Connected to mongodb://localhost/vidly_tests...","timestamp":"2020-10-30T22:30:49.533Z"}
{"level":"info","message":"Listening on port 3000...","timestamp":"2020-10-30T22:30:54.778Z"}
{"level":"info","message":"Connected to mongodb://localhost/vidly_tests...","timestamp":"2020-10-30T22:30:54.851Z"}
{"level":"info","message":"Listening on port 3000...","timestamp":"2020-10-30T22:31:17.032Z"}
{"level":"info","message":"Connected to mongodb://localhost/vidly_tests...","timestamp":"2020-10-30T22:31:17.073Z"}
{"level":"info","message":"Listening on port 3000...","timestamp":"2020-10-30T22:31:19.605Z"}
{"level":"info","message":"Connected to mongodb://localhost/vidly_tests...","timestamp":"2020-10-30T22:31:19.638Z"}
{"level":"info","message":"Listening on port 3000...","timestamp":"2020-10-30T22:31:57.191Z"}
{"level":"info","message":"Connected to mongodb://localhost/vidly_tests...","timestamp":"2020-10-30T22:31:57.239Z"}
{"level":"info","message":"Listening on port 3000...","timestamp":"2020-10-30T22:32:12.328Z"}
{"level":"info","message":"Connected to mongodb://localhost/vidly_tests...","timestamp":"2020-10-30T22:32:12.378Z"}
{"level":"info","message":"Listening on port 3000...","timestamp":"2020-10-30T22:32:24.489Z"}
{"level":"info","message":"Connected to mongodb://localhost/vidly_tests...","timestamp":"2020-10-30T22:32:24.521Z"}
{"level":"info","message":"Listening on port 3000...","timestamp":"2020-10-30T22:32:27.906Z"}
{"level":"info","message":"Connected to mongodb://localhost/vidly_tests...","timestamp":"2020-10-30T22:32:27.927Z"}
{"level":"info","message":"Listening on port 3000...","timestamp":"2020-10-30T22:32:34.727Z"}
{"level":"info","message":"Connected to mongodb://localhost/vidly_tests...","timestamp":"2020-10-30T22:32:34.746Z"}
{"level":"info","message":"Listening on port 3000...","timestamp":"2020-10-30T22:32:46.727Z"}
{"level":"info","message":"Connected to mongodb://localhost/vidly_tests...","timestamp":"2020-10-30T22:32:46.756Z"}
{"level":"info","message":"Listening on port 3000...","timestamp":"2020-10-30T22:32:51.696Z"}
{"level":"info","message":"Connected to mongodb://localhost/vidly_tests...","timestamp":"2020-10-30T22:32:51.766Z"}
{"level":"info","message":"Listening on port 3000...","timestamp":"2020-10-30T22:33:04.934Z"}
{"level":"info","message":"Connected to mongodb://localhost/vidly_tests...","timestamp":"2020-10-30T22:33:05.004Z"}
{"level":"info","message":"Listening on port 3000...","timestamp":"2020-10-30T22:33:57.369Z"}
{"level":"info","message":"Connected to mongodb://localhost/vidly_tests...","timestamp":"2020-10-30T22:33:57.393Z"}
{"level":"info","message":"Listening on port 3000...","timestamp":"2020-10-30T22:34:48.614Z"}
{"level":"info","message":"Connected to mongodb://localhost/vidly_tests...","timestamp":"2020-10-30T22:34:48.658Z"}
{"level":"info","message":"Listening on port 3000...","timestamp":"2020-10-30T22:34:51.314Z"}
{"level":"info","message":"Connected to mongodb://localhost/vidly_tests...","timestamp":"2020-10-30T22:34:51.340Z"}
{"level":"info","message":"Listening on port 3000...","timestamp":"2020-10-30T22:34:55.281Z"}
{"level":"info","message":"Connected to mongodb://localhost/vidly_tests...","timestamp":"2020-10-30T22:34:55.313Z"}
{"level":"info","message":"Listening on port 3000...","timestamp":"2020-10-30T22:35:49.446Z"}
{"level":"info","message":"Connected to mongodb://localhost/vidly_tests...","timestamp":"2020-10-30T22:35:49.492Z"}
{"level":"info","message":"Listening on port 3000...","timestamp":"2020-10-30T23:42:14.179Z"}
{"level":"info","message":"Connected to mongodb://localhost/vidly_tests...","timestamp":"2020-10-30T23:42:14.282Z"}
{"level":"info","message":"Listening on port 3000...","timestamp":"2020-10-30T23:42:18.014Z"}
{"level":"info","message":"Connected to mongodb://localhost/vidly_tests...","timestamp":"2020-10-30T23:42:18.032Z"}
{"level":"info","message":"Listening on port 3000...","timestamp":"2020-10-30T23:43:16.677Z"}
{"level":"info","message":"Connected to mongodb://localhost/vidly_tests...","timestamp":"2020-10-30T23:43:16.722Z"}
{"level":"info","message":"Listening on port 3000...","timestamp":"2020-10-30T23:43:57.575Z"}
{"level":"info","message":"Connected to mongodb://localhost/vidly_tests...","timestamp":"2020-10-30T23:43:57.605Z"}
{"level":"info","message":"Listening on port 3000...","timestamp":"2020-10-30T23:44:11.118Z"}
{"level":"info","message":"Connected to mongodb://localhost/vidly_tests...","timestamp":"2020-10-30T23:44:11.151Z"}
{"level":"info","message":"Listening on port 3000...","timestamp":"2020-10-30T23:45:51.577Z"}
{"level":"info","message":"Connected to mongodb://localhost/vidly_tests...","timestamp":"2020-10-30T23:45:51.634Z"}
{"level":"info","message":"Listening on port 3000...","timestamp":"2020-10-30T23:45:56.121Z"}
{"level":"info","message":"Connected to mongodb://localhost/vidly_tests...","timestamp":"2020-10-30T23:45:56.138Z"}
{"level":"info","message":"Listening on port 3000...","timestamp":"2020-10-30T23:45:58.938Z"}
{"level":"info","message":"Connected to mongodb://localhost/vidly_tests...","timestamp":"2020-10-30T23:45:58.954Z"}
{"level":"info","message":"Listening on port 3000...","timestamp":"2020-10-30T23:46:11.296Z"}
{"level":"info","message":"Connected to mongodb://localhost/vidly_tests...","timestamp":"2020-10-30T23:46:11.314Z"}
{"level":"info","message":"Listening on port 3000...","timestamp":"2020-10-30T23:46:15.201Z"}
{"level":"info","message":"Connected to mongodb://localhost/vidly_tests...","timestamp":"2020-10-30T23:46:15.217Z"}
{"level":"info","message":"Listening on port 3000...","timestamp":"2020-10-30T23:46:21.278Z"}
{"level":"info","message":"Connected to mongodb://localhost/vidly_tests...","timestamp":"2020-10-30T23:46:21.292Z"}
